{
  "stats": {
    "suites": 1,
    "tests": 1,
    "passes": 1,
    "pending": 0,
    "failures": 0,
    "start": "2023-06-12T18:37:47.953Z",
    "end": "2023-06-12T18:38:05.142Z",
    "duration": 17189,
    "testsRegistered": 1,
    "passPercent": 100,
    "pendingPercent": 0,
    "other": 0,
    "hasOther": false,
    "skipped": 0,
    "hasSkipped": false
  },
  "results": [
    {
      "uuid": "9a48acbf-3776-4b02-9876-04c08e93962b",
      "title": "",
      "fullFile": "cypress\\e2e\\spec.cy.js",
      "file": "cypress\\e2e\\spec.cy.js",
      "beforeHooks": [],
      "afterHooks": [],
      "tests": [],
      "suites": [
        {
          "uuid": "a781f517-8ba2-4124-813e-2d9ef55f10d0",
          "title": "My Simple Test",
          "fullFile": "",
          "file": "",
          "beforeHooks": [],
          "afterHooks": [],
          "tests": [
            {
              "title": "Visit TVO Learn",
              "fullTitle": "My Simple Test Visit TVO Learn",
              "timedOut": null,
              "duration": 14842,
              "state": "passed",
              "speed": "slow",
              "pass": true,
              "fail": false,
              "pending": false,
              "context": null,
              "code": "// expect(true).to.equal(false)\ncy.visit('https://tvolearn.com/');\ncy.get('.medium-up-hide-modified > .site-header__icons-wrapper > .site-header__menu').click();\ncy.get(':nth-child(1) > .mobile-nav__link').click();\ncy.get(':nth-child(1) > .mobile-nav__dropdown > :nth-child(6) > .mobile-nav__sublist-link').click();\n// Wait for an element with the selector to be visible for a maximum of 5 seconds\ncy.contains('Mathematics', {\n  timeout: 5000\n}).should('be.visible');\ncy.contains('Mathematics').click();\n/*cy.get('.shogun-heading-component > h2').then(function(e){\n  const t =e.text()\n  expect(t).to.contains('Mathematics') \n})*/\ncy.contains('Go To Learning Activities').click();\ncy.get('a[href*=\"/pages/grade-3-mathematics-number-learning-activity-1\"]').contains('Number ').click();\ncy.get('.preview-hero-inner > h2').then(function (e) {\n  const t = e.text();\n  expect(t).to.contains('Number');\n});\ncy.screenshot(\"Sample Screenshot\");\ncy.log('Test Case 1');",
              "err": {},
              "uuid": "80a0f781-dd7f-4c7b-ace5-3fcd2738495c",
              "parentUUID": "a781f517-8ba2-4124-813e-2d9ef55f10d0",
              "isHook": false,
              "skipped": false
            }
          ],
          "suites": [],
          "passes": [
            "80a0f781-dd7f-4c7b-ace5-3fcd2738495c"
          ],
          "failures": [],
          "pending": [],
          "skipped": [],
          "duration": 14842,
          "root": false,
          "rootEmpty": false,
          "_timeout": 2000
        }
      ],
      "passes": [],
      "failures": [],
      "pending": [],
      "skipped": [],
      "duration": 0,
      "root": true,
      "rootEmpty": true,
      "_timeout": 2000
    }
  ],
  "meta": {
    "mocha": {
      "version": "7.0.1"
    },
    "mochawesome": {
      "options": {
        "quiet": false,
        "reportFilename": "mochawesome",
        "saveHtml": true,
        "saveJson": true,
        "consoleReporter": "spec",
        "useInlineDiffs": false,
        "code": true
      },
      "version": "7.1.3"
    },
    "marge": {
      "options": null,
      "version": "6.2.0"
    }
  }
}